Using pre-set license
Built from '2021.3/staging' branch; Version is '2021.3.7f1 (24e8595d6d43) revision 2418777'; Using compiler version '192829333'; Build Type 'Release'
OS: 'Windows 10  (10.0.19044) 64bit Professional' Language: 'en' Physical Memory: 32680 MB
BatchMode: 1, IsHumanControllingUs: 0, StartBugReporterOnCrash: 0, Is64bit: 1, IsPro: 1

COMMAND LINE ARGUMENTS:
E:\Programs\Unity Hub\Unity_Editor\2021.3.7f1\Editor\Unity.exe
-adb2
-batchMode
-noUpm
-name
AssetImportWorker2
-projectPath
D:/Works/Unity/Boom Ball Maze Classsic
-logFile
Logs/AssetImportWorker2.log
-srvPort
1199
Successfully changed project path to: D:/Works/Unity/Boom Ball Maze Classsic
D:/Works/Unity/Boom Ball Maze Classsic
[UnityMemory] Configuration Parameters - Can be set up in boot.config
    "memorysetup-bucket-allocator-granularity=16"
    "memorysetup-bucket-allocator-bucket-count=8"
    "memorysetup-bucket-allocator-block-size=33554432"
    "memorysetup-bucket-allocator-block-count=8"
    "memorysetup-main-allocator-block-size=16777216"
    "memorysetup-thread-allocator-block-size=16777216"
    "memorysetup-gfx-main-allocator-block-size=16777216"
    "memorysetup-gfx-thread-allocator-block-size=16777216"
    "memorysetup-cache-allocator-block-size=4194304"
    "memorysetup-typetree-allocator-block-size=2097152"
    "memorysetup-profiler-bucket-allocator-granularity=16"
    "memorysetup-profiler-bucket-allocator-bucket-count=8"
    "memorysetup-profiler-bucket-allocator-block-size=33554432"
    "memorysetup-profiler-bucket-allocator-block-count=8"
    "memorysetup-profiler-allocator-block-size=16777216"
    "memorysetup-profiler-editor-allocator-block-size=1048576"
    "memorysetup-temp-allocator-size-main=16777216"
    "memorysetup-job-temp-allocator-block-size=2097152"
    "memorysetup-job-temp-allocator-block-size-background=1048576"
    "memorysetup-job-temp-allocator-reduction-small-platforms=262144"
    "memorysetup-temp-allocator-size-background-worker=32768"
    "memorysetup-temp-allocator-size-job-worker=262144"
    "memorysetup-temp-allocator-size-preload-manager=33554432"
    "memorysetup-temp-allocator-size-nav-mesh-worker=65536"
    "memorysetup-temp-allocator-size-audio-worker=65536"
    "memorysetup-temp-allocator-size-cloud-worker=32768"
    "memorysetup-temp-allocator-size-gi-baking-worker=262144"
    "memorysetup-temp-allocator-size-gfx=262144"
Refreshing native plugins compatible for Editor in 80.32 ms, found 3 plugins.
Preloading 0 native plugins for Editor in 0.00 ms.
Initialize engine version: 2021.3.7f1 (24e8595d6d43)
[Subsystems] Discovering subsystems at path E:/Programs/Unity Hub/Unity_Editor/2021.3.7f1/Editor/Data/Resources/UnitySubsystems
[Subsystems] Discovering subsystems at path D:/Works/Unity/Boom Ball Maze Classsic/Assets
GfxDevice: creating device client; threaded=0; jobified=0
Direct3D:
    Version:  Direct3D 11.0 [level 11.1]
    Renderer: NVIDIA GeForce RTX 2060 SUPER (ID=0x1f06)
    Vendor:   NVIDIA
    VRAM:     8031 MB
    Driver:   31.0.15.1659
Initialize mono
Mono path[0] = 'E:/Programs/Unity Hub/Unity_Editor/2021.3.7f1/Editor/Data/Managed'
Mono path[1] = 'E:/Programs/Unity Hub/Unity_Editor/2021.3.7f1/Editor/Data/MonoBleedingEdge/lib/mono/unityjit-win32'
Mono config path = 'E:/Programs/Unity Hub/Unity_Editor/2021.3.7f1/Editor/Data/MonoBleedingEdge/etc'
Using monoOptions --debugger-agent=transport=dt_socket,embedding=1,server=y,suspend=n,address=127.0.0.1:56292
Begin MonoManager ReloadAssembly
Registering precompiled unity dll's ...
Register platform support module: E:/Programs/Unity Hub/Unity_Editor/2021.3.7f1/Editor/Data/PlaybackEngines/WebGLSupport/UnityEditor.WebGL.Extensions.dll
Register platform support module: E:/Programs/Unity Hub/Unity_Editor/2021.3.7f1/Editor/Data/PlaybackEngines/WindowsStandaloneSupport/UnityEditor.WindowsStandalone.Extensions.dll
Registered in 0.024174 seconds.
Native extension for WindowsStandalone target not found
Native extension for WebGL target not found
Refreshing native plugins compatible for Editor in 90.91 ms, found 3 plugins.
Preloading 0 native plugins for Editor in 0.00 ms.
Mono: successfully reloaded assembly
- Completed reload, in  0.821 seconds
Domain Reload Profiling:
	ReloadAssembly (822ms)
		BeginReloadAssembly (164ms)
			ExecutionOrderSort (0ms)
			DisableScriptedObjects (0ms)
			BackupInstance (0ms)
			ReleaseScriptingObjects (0ms)
			CreateAndSetChildDomain (1ms)
		EndReloadAssembly (465ms)
			LoadAssemblies (157ms)
			RebuildTransferFunctionScriptingTraits (0ms)
			SetupTypeCache (102ms)
			ReleaseScriptCaches (0ms)
			RebuildScriptCaches (27ms)
			SetupLoadedEditorAssemblies (264ms)
				LogAssemblyErrors (0ms)
				InitializePlatformSupportModulesInManaged (14ms)
				SetLoadedEditorAssemblies (0ms)
				RefreshPlugins (91ms)
				BeforeProcessingInitializeOnLoad (1ms)
				ProcessInitializeOnLoadAttributes (116ms)
				ProcessInitializeOnLoadMethodAttributes (41ms)
				AfterProcessingInitializeOnLoad (0ms)
				EditorAssembliesLoaded (0ms)
			ExecutionOrderSort2 (0ms)
			AwakeInstancesAfterBackupRestoration (0ms)
Platform modules already initialized, skipping
Registering precompiled user dll's ...
Registered in 0.005241 seconds.
Begin MonoManager ReloadAssembly
Symbol file LoadedFromMemory doesn't match image D:\Works\Unity\Boom Ball Maze Classsic\Library\PackageCache\com.unity.visualscripting@1.7.8\Editor\VisualScripting.Core\Dependencies\YamlDotNet\Unity.VisualScripting.YamlDotNet.dll
Symbol file LoadedFromMemory doesn't match image D:\Works\Unity\Boom Ball Maze Classsic\Library\PackageCache\com.unity.visualscripting@1.7.8\Editor\VisualScripting.Core\Dependencies\DotNetZip\Unity.VisualScripting.IonicZip.dll
Native extension for WindowsStandalone target not found
Native extension for WebGL target not found
Refreshing native plugins compatible for Editor in 0.61 ms, found 3 plugins.
Preloading 0 native plugins for Editor in 0.00 ms.
Mono: successfully reloaded assembly
- Completed reload, in  1.124 seconds
Domain Reload Profiling:
	ReloadAssembly (1124ms)
		BeginReloadAssembly (186ms)
			ExecutionOrderSort (0ms)
			DisableScriptedObjects (5ms)
			BackupInstance (0ms)
			ReleaseScriptingObjects (0ms)
			CreateAndSetChildDomain (19ms)
		EndReloadAssembly (801ms)
			LoadAssemblies (163ms)
			RebuildTransferFunctionScriptingTraits (0ms)
			SetupTypeCache (252ms)
			ReleaseScriptCaches (1ms)
			RebuildScriptCaches (50ms)
			SetupLoadedEditorAssemblies (362ms)
				LogAssemblyErrors (0ms)
				InitializePlatformSupportModulesInManaged (12ms)
				SetLoadedEditorAssemblies (0ms)
				RefreshPlugins (1ms)
				BeforeProcessingInitializeOnLoad (99ms)
				ProcessInitializeOnLoadAttributes (201ms)
				ProcessInitializeOnLoadMethodAttributes (27ms)
				AfterProcessingInitializeOnLoad (21ms)
				EditorAssembliesLoaded (0ms)
			ExecutionOrderSort2 (0ms)
			AwakeInstancesAfterBackupRestoration (6ms)
Platform modules already initialized, skipping
========================================================================
Worker process is ready to serve import requests
Launched and connected shader compiler UnityShaderCompiler.exe after 0.10 seconds
Refreshing native plugins compatible for Editor in 1.02 ms, found 3 plugins.
Preloading 0 native plugins for Editor in 0.00 ms.
Unloading 3378 Unused Serialized files (Serialized files now loaded: 0)
Unloading 27 unused Assets / (110.9 KB). Loaded Objects now: 3835.
Memory consumption went from 116.2 MB to 116.1 MB.
Total: 4.223000 ms (FindLiveObjects: 0.547400 ms CreateObjectMapping: 0.124100 ms MarkObjects: 3.436000 ms  DeleteObjects: 0.114600 ms)

AssetImportParameters requested are different than current active one (requested -> active):
  custom:video-decoder-ogg-theora: a1e56fd34408186e4bbccfd4996cb3dc -> 
  custom:container-muxer-webm: aa71ff27fc2769a1b78a27578f13a17b -> 
  custom:container-demuxer-webm: 4f35f7cbe854078d1ac9338744f61a02 -> 
  custom:video-encoder-webm-vp8: eb34c28f22e8b96e1ab97ce403110664 -> 
  custom:audio-encoder-webm-vorbis: bf7c407c2cedff20999df2af8eb42d56 -> 
  custom:framework-win-MediaFoundation: 216162199b28c13a410421893ffa2e32 -> 
  custom:container-demuxer-ogg: 62fdf1f143b41e24485cea50d1cbac27 -> 
  custom:video-decoder-webm-vp8: 9c59270c3fd7afecdb556c50c9e8de78 -> 
  custom:audio-decoder-ogg-vorbis: bf7c407c2cedff20999df2af8eb42d56 -> 
========================================================================
Received Import Request.
  Time since last request: 83589.499217 seconds.
  path: Assets/Free/Wooden Floor Pack/Materials/Wooden Floor 3.mat
  artifactKey: Guid(bf276f53291eddb4d9053d2ae81ca063) Importer(815301076,1909f56bfc062723c751e8b465ee728b)
Start importing Assets/Free/Wooden Floor Pack/Materials/Wooden Floor 3.mat using Guid(bf276f53291eddb4d9053d2ae81ca063) Importer(815301076,1909f56bfc062723c751e8b465ee728b)  -> (artifact id: '5fdfc445659f90cd385bfe5a5728444b') in 0.436007 seconds 
========================================================================
Received Import Request.
  Time since last request: 0.000021 seconds.
  path: Assets/Free/Wooden Floor Pack/Materials/Wooden Floor 4.mat
  artifactKey: Guid(b00045d5b284de34ea2e777e68ea2dfe) Importer(815301076,1909f56bfc062723c751e8b465ee728b)
Start importing Assets/Free/Wooden Floor Pack/Materials/Wooden Floor 4.mat using Guid(b00045d5b284de34ea2e777e68ea2dfe) Importer(815301076,1909f56bfc062723c751e8b465ee728b)  -> (artifact id: '0cb7ae74a63f2ac1756eb6aca7e18ebe') in 0.022035 seconds 
========================================================================
Received Import Request.
  Time since last request: 7.207690 seconds.
  path: Assets/Free/Wooden Floor Pack/Textures/Wooden Floor2/Wooden Floor2_4K_Displacement.tga
  artifactKey: Guid(079f5a1f3a99b5b45b859abf658a294d) Importer(815301076,1909f56bfc062723c751e8b465ee728b)
Start importing Assets/Free/Wooden Floor Pack/Textures/Wooden Floor2/Wooden Floor2_4K_Displacement.tga using Guid(079f5a1f3a99b5b45b859abf658a294d) Importer(815301076,1909f56bfc062723c751e8b465ee728b)  -> (artifact id: '3009d0a7b07949283d86dd9eca7da5ac') in 0.024239 seconds 
========================================================================
Received Import Request.
  Time since last request: 0.000018 seconds.
  path: Assets/Free/Wooden Floor Pack/Textures/Wooden Floor2/Wooden Floor2_4K_Normal.tga
  artifactKey: Guid(a30d68615ce3b244d8f5262280bf3d81) Importer(815301076,1909f56bfc062723c751e8b465ee728b)
Start importing Assets/Free/Wooden Floor Pack/Textures/Wooden Floor2/Wooden Floor2_4K_Normal.tga using Guid(a30d68615ce3b244d8f5262280bf3d81) Importer(815301076,1909f56bfc062723c751e8b465ee728b)  -> (artifact id: '0ffccb982aaf958640d2d8baf8ad841e') in 0.013029 seconds 
========================================================================
Received Import Request.
  Time since last request: 0.000021 seconds.
  path: Assets/Free/Wooden Floor Pack/Textures/Wooden Floor2/Wooden Floor2_4K_Gloss.tga
  artifactKey: Guid(167cead128e3a7648a4cf839716af3bf) Importer(815301076,1909f56bfc062723c751e8b465ee728b)
Start importing Assets/Free/Wooden Floor Pack/Textures/Wooden Floor2/Wooden Floor2_4K_Gloss.tga using Guid(167cead128e3a7648a4cf839716af3bf) Importer(815301076,1909f56bfc062723c751e8b465ee728b)  -> (artifact id: 'b84d959011d420e7c798e225cfa1116d') in 0.008408 seconds 
========================================================================
Received Import Request.
  Time since last request: 269.354129 seconds.
  path: Assets/Real Materials/Textures
  artifactKey: Guid(66d72e890809a7a4cb3133d976e363a6) Importer(815301076,1909f56bfc062723c751e8b465ee728b)
Start importing Assets/Real Materials/Textures using Guid(66d72e890809a7a4cb3133d976e363a6) Importer(815301076,1909f56bfc062723c751e8b465ee728b)  -> (artifact id: '0bb406d4715343064c96769a52b0d0a6') in 0.001658 seconds 
========================================================================
Received Import Request.
  Time since last request: 0.034186 seconds.
  path: Assets/Real Materials/Textures/!UV density checker diffuse.png
  artifactKey: Guid(9fea5d33c00f6e64bbbbcd3f685fca67) Importer(815301076,1909f56bfc062723c751e8b465ee728b)
Start importing Assets/Real Materials/Textures/!UV density checker diffuse.png using Guid(9fea5d33c00f6e64bbbbcd3f685fca67) Importer(815301076,1909f56bfc062723c751e8b465ee728b)  -> (artifact id: '424680310636932620dc9026c75e26ca') in 0.038668 seconds 
========================================================================
Received Import Request.
  Time since last request: 0.003197 seconds.
  path: Assets/Real Materials/Textures/common 5 percent mask.png
  artifactKey: Guid(b303f2f11d599b841b635c425e4e2a3a) Importer(815301076,1909f56bfc062723c751e8b465ee728b)
Start importing Assets/Real Materials/Textures/common 5 percent mask.png using Guid(b303f2f11d599b841b635c425e4e2a3a) Importer(815301076,1909f56bfc062723c751e8b465ee728b)  -> (artifact id: 'ba74c0553aaf4996ebfb178fc30bc7c4') in 0.008014 seconds 
========================================================================
Received Import Request.
  Time since last request: 0.000027 seconds.
  path: Assets/Real Materials/Textures/common white cloud noise normal.png
  artifactKey: Guid(e81be6e016eea9e468b50fcada4dab73) Importer(815301076,1909f56bfc062723c751e8b465ee728b)
Start importing Assets/Real Materials/Textures/common white cloud noise normal.png using Guid(e81be6e016eea9e468b50fcada4dab73) Importer(815301076,1909f56bfc062723c751e8b465ee728b)  -> (artifact id: '2ab501473a7c0cb21b8b168f3975e843') in 0.010184 seconds 
========================================================================
Received Import Request.
  Time since last request: 0.000028 seconds.
  path: Assets/Real Materials/Textures/floor marble scattered normal.png
  artifactKey: Guid(94183d15e94b9e94da8ca02c9d87d2be) Importer(815301076,1909f56bfc062723c751e8b465ee728b)
Start importing Assets/Real Materials/Textures/floor marble scattered normal.png using Guid(94183d15e94b9e94da8ca02c9d87d2be) Importer(815301076,1909f56bfc062723c751e8b465ee728b)  -> (artifact id: '91c1a1001a24fd8c8fa2f10139780311') in 0.037701 seconds 
========================================================================
Received Import Request.
  Time since last request: 0.000045 seconds.
  path: Assets/Real Materials/Textures/copper common occlusion.png
  artifactKey: Guid(b2381748b343c3b4a93e57fce092e2bd) Importer(815301076,1909f56bfc062723c751e8b465ee728b)
Start importing Assets/Real Materials/Textures/copper common occlusion.png using Guid(b2381748b343c3b4a93e57fce092e2bd) Importer(815301076,1909f56bfc062723c751e8b465ee728b)  -> (artifact id: '61da44ecce71611f98b850567ebf2944') in 0.018345 seconds 
========================================================================
Received Import Request.
  Time since last request: 0.000032 seconds.
  path: Assets/Real Materials/Textures/common 40 percent c_mask.png
  artifactKey: Guid(2fc2951875e2bf245abeec5871e9ebb9) Importer(815301076,1909f56bfc062723c751e8b465ee728b)
Start importing Assets/Real Materials/Textures/common 40 percent c_mask.png using Guid(2fc2951875e2bf245abeec5871e9ebb9) Importer(815301076,1909f56bfc062723c751e8b465ee728b)  -> (artifact id: 'da8afb1798d67e0cea8a777ca7edd771') in 0.012182 seconds 
========================================================================
Received Import Request.
  Time since last request: 0.000032 seconds.
  path: Assets/Real Materials/Textures/common 15 percent mask.png
  artifactKey: Guid(6bee06319f439854bb5e82468435c4c0) Importer(815301076,1909f56bfc062723c751e8b465ee728b)
Start importing Assets/Real Materials/Textures/common 15 percent mask.png using Guid(6bee06319f439854bb5e82468435c4c0) Importer(815301076,1909f56bfc062723c751e8b465ee728b)  -> (artifact id: '75671edfe9aa8e988e58677982da5869') in 0.009941 seconds 
========================================================================
Received Import Request.
  Time since last request: 0.000022 seconds.
  path: Assets/Real Materials/Textures/copper with patina metalness.png
  artifactKey: Guid(ca1de3d68524aae4a9ca321b60cccd61) Importer(815301076,1909f56bfc062723c751e8b465ee728b)
Start importing Assets/Real Materials/Textures/copper with patina metalness.png using Guid(ca1de3d68524aae4a9ca321b60cccd61) Importer(815301076,1909f56bfc062723c751e8b465ee728b)  -> (artifact id: '510233aba116d19125b01f02a835d7d7') in 0.020723 seconds 
========================================================================
Received Import Request.
  Time since last request: 0.000025 seconds.
  path: Assets/Real Materials/Textures/common leaking diffuse.png
  artifactKey: Guid(751c6df18835cb54ba37c0879f89d3c7) Importer(815301076,1909f56bfc062723c751e8b465ee728b)
Start importing Assets/Real Materials/Textures/common leaking diffuse.png using Guid(751c6df18835cb54ba37c0879f89d3c7) Importer(815301076,1909f56bfc062723c751e8b465ee728b)  -> (artifact id: '49e3e6596ef06bfbd94804d3956d8b30') in 0.008865 seconds 
========================================================================
Received Import Request.
  Time since last request: 0.000021 seconds.
  path: Assets/Real Materials/Textures/floor marble scattered diffuse.png
  artifactKey: Guid(c5d182d5391940e4eb7a7234f5d75248) Importer(815301076,1909f56bfc062723c751e8b465ee728b)
Start importing Assets/Real Materials/Textures/floor marble scattered diffuse.png using Guid(c5d182d5391940e4eb7a7234f5d75248) Importer(815301076,1909f56bfc062723c751e8b465ee728b)  -> (artifact id: '029ad4b4579ced345cdb465f1c8395f7') in 0.013329 seconds 
========================================================================
Received Import Request.
  Time since last request: 0.000037 seconds.
  path: Assets/Real Materials/Textures/copper common metalness.png
  artifactKey: Guid(4cdf8ec42a0763e46bab55f372c6cfc5) Importer(815301076,1909f56bfc062723c751e8b465ee728b)
Start importing Assets/Real Materials/Textures/copper common metalness.png using Guid(4cdf8ec42a0763e46bab55f372c6cfc5) Importer(815301076,1909f56bfc062723c751e8b465ee728b)  -> (artifact id: '6acd362631255831482ae6c4f0f2a203') in 0.024821 seconds 
========================================================================
Received Import Request.
  Time since last request: 0.000021 seconds.
  path: Assets/Real Materials/Textures/marble white diffuse.png
  artifactKey: Guid(c3398e3f2ed2dab41a39ca40ddd226e1) Importer(815301076,1909f56bfc062723c751e8b465ee728b)
Start importing Assets/Real Materials/Textures/marble white diffuse.png using Guid(c3398e3f2ed2dab41a39ca40ddd226e1) Importer(815301076,1909f56bfc062723c751e8b465ee728b)  -> (artifact id: '1b1594517633b1f3169bdfd74b2b6cb0') in 0.012938 seconds 
========================================================================
Received Import Request.
  Time since last request: 0.000022 seconds.
  path: Assets/Real Materials/Textures/common bumpy metal normal.png
  artifactKey: Guid(9ce580e3303cf6e478bec398631a66cd) Importer(815301076,1909f56bfc062723c751e8b465ee728b)
Start importing Assets/Real Materials/Textures/common bumpy metal normal.png using Guid(9ce580e3303cf6e478bec398631a66cd) Importer(815301076,1909f56bfc062723c751e8b465ee728b)  -> (artifact id: 'b061448d5dc869427d1d2091cf4bc3c5') in 0.009288 seconds 
========================================================================
Received Import Request.
  Time since last request: 0.000036 seconds.
  path: Assets/Real Materials/Textures/marble rough metalness.png
  artifactKey: Guid(ee30fe3688a569e4099862b20fc9464e) Importer(815301076,1909f56bfc062723c751e8b465ee728b)
Start importing Assets/Real Materials/Textures/marble rough metalness.png using Guid(ee30fe3688a569e4099862b20fc9464e) Importer(815301076,1909f56bfc062723c751e8b465ee728b)  -> (artifact id: '5f56b90b1d20ed9b918a57c8623bb560') in 0.018666 seconds 
========================================================================
Received Import Request.
  Time since last request: 0.000040 seconds.
  path: Assets/Real Materials/Textures/common grunge diffuse 3.png
  artifactKey: Guid(9ec8e5093a13a2548bc84cdd73613316) Importer(815301076,1909f56bfc062723c751e8b465ee728b)
Start importing Assets/Real Materials/Textures/common grunge diffuse 3.png using Guid(9ec8e5093a13a2548bc84cdd73613316) Importer(815301076,1909f56bfc062723c751e8b465ee728b)  -> (artifact id: '1e65aad121ce0921aad208a33f49e49e') in 0.015163 seconds 
========================================================================
Received Import Request.
  Time since last request: 0.000029 seconds.
  path: Assets/Real Materials/Textures/granite rough height.png
  artifactKey: Guid(9cb3f42df9f885c4e8f44b8e429e3ed0) Importer(815301076,1909f56bfc062723c751e8b465ee728b)
Start importing Assets/Real Materials/Textures/granite rough height.png using Guid(9cb3f42df9f885c4e8f44b8e429e3ed0) Importer(815301076,1909f56bfc062723c751e8b465ee728b)  -> (artifact id: '94a3173796df5975892038cefd72bdb6') in 0.011989 seconds 
========================================================================
Received Import Request.
  Time since last request: 0.000028 seconds.
  path: Assets/Real Materials/Textures/steel galvanized iridescent colorful metalness.png
  artifactKey: Guid(47ef970e634315a44826beda0692125c) Importer(815301076,1909f56bfc062723c751e8b465ee728b)
Start importing Assets/Real Materials/Textures/steel galvanized iridescent colorful metalness.png using Guid(47ef970e634315a44826beda0692125c) Importer(815301076,1909f56bfc062723c751e8b465ee728b)  -> (artifact id: '750cf5fe15a417f333d10bd2190b62fb') in 0.024086 seconds 
========================================================================
Received Import Request.
  Time since last request: 0.000015 seconds.
  path: Assets/Real Materials/Textures/plaster common normal.png
  artifactKey: Guid(dfc332ad50d52b843b4d4fd1d63faf48) Importer(815301076,1909f56bfc062723c751e8b465ee728b)
Start importing Assets/Real Materials/Textures/plaster common normal.png using Guid(dfc332ad50d52b843b4d4fd1d63faf48) Importer(815301076,1909f56bfc062723c751e8b465ee728b)  -> (artifact id: 'bdb7902eefcd8e3e019b5789d46b29f0') in 0.102106 seconds 
========================================================================
Received Import Request.
  Time since last request: 0.000026 seconds.
  path: Assets/Real Materials/Textures/common non-metal smooth metalness 2.png
  artifactKey: Guid(4ab5d07b1ad7df647a0000813a5c5b29) Importer(815301076,1909f56bfc062723c751e8b465ee728b)
Start importing Assets/Real Materials/Textures/common non-metal smooth metalness 2.png using Guid(4ab5d07b1ad7df647a0000813a5c5b29) Importer(815301076,1909f56bfc062723c751e8b465ee728b)  -> (artifact id: 'cffbe17bcb5f52fd0df9347cfb11c336') in 0.069849 seconds 
========================================================================
Received Import Request.
  Time since last request: 0.000028 seconds.
  path: Assets/Real Materials/Textures/common clouds diffuse.png
  artifactKey: Guid(95e4ed9564fabde45af7615ba42ee4db) Importer(815301076,1909f56bfc062723c751e8b465ee728b)
Start importing Assets/Real Materials/Textures/common clouds diffuse.png using Guid(95e4ed9564fabde45af7615ba42ee4db) Importer(815301076,1909f56bfc062723c751e8b465ee728b)  -> (artifact id: '30683eb2517d2c5e4fd079395991ab56') in 0.009487 seconds 
========================================================================
Received Import Request.
  Time since last request: 0.000024 seconds.
  path: Assets/Real Materials/Textures/copper common diffuse.png
  artifactKey: Guid(e58d0d54d1a307d49b6895e5a64c5b04) Importer(815301076,1909f56bfc062723c751e8b465ee728b)
Start importing Assets/Real Materials/Textures/copper common diffuse.png using Guid(e58d0d54d1a307d49b6895e5a64c5b04) Importer(815301076,1909f56bfc062723c751e8b465ee728b)  -> (artifact id: 'a357d177c73ca07b7fbe898bc1302621') in 0.031284 seconds 
========================================================================
Received Import Request.
  Time since last request: 0.000063 seconds.
  path: Assets/Real Materials/Textures/common 2 percent mask.png
  artifactKey: Guid(587a0840cbfc26349aab69a32e3421b7) Importer(815301076,1909f56bfc062723c751e8b465ee728b)
Start importing Assets/Real Materials/Textures/common 2 percent mask.png using Guid(587a0840cbfc26349aab69a32e3421b7) Importer(815301076,1909f56bfc062723c751e8b465ee728b)  -> (artifact id: 'fac2c1e16520e770b58d986cf35d5632') in 0.007177 seconds 
========================================================================
Received Import Request.
  Time since last request: 0.000016 seconds.
  path: Assets/Real Materials/Textures/common huge bumps normal.png
  artifactKey: Guid(cfdf6b723c1ca484fa6ae98ad54d2e12) Importer(815301076,1909f56bfc062723c751e8b465ee728b)
Start importing Assets/Real Materials/Textures/common huge bumps normal.png using Guid(cfdf6b723c1ca484fa6ae98ad54d2e12) Importer(815301076,1909f56bfc062723c751e8b465ee728b)  -> (artifact id: 'e94406cef970c39b235678538023c167') in 0.009444 seconds 
========================================================================
Received Prepare
Registering precompiled user dll's ...
Registered in 0.006357 seconds.
Begin MonoManager ReloadAssembly
Symbol file LoadedFromMemory doesn't match image D:\Works\Unity\Boom Ball Maze Classsic\Library\PackageCache\com.unity.visualscripting@1.7.8\Editor\VisualScripting.Core\Dependencies\YamlDotNet\Unity.VisualScripting.YamlDotNet.dll
Symbol file LoadedFromMemory doesn't match image D:\Works\Unity\Boom Ball Maze Classsic\Library\PackageCache\com.unity.visualscripting@1.7.8\Editor\VisualScripting.Core\Dependencies\DotNetZip\Unity.VisualScripting.IonicZip.dll
Native extension for WindowsStandalone target not found
Native extension for WebGL target not found
Refreshing native plugins compatible for Editor in 0.75 ms, found 3 plugins.
Preloading 0 native plugins for Editor in 0.00 ms.
Mono: successfully reloaded assembly
- Completed reload, in  1.245 seconds
Domain Reload Profiling:
	ReloadAssembly (1245ms)
		BeginReloadAssembly (303ms)
			ExecutionOrderSort (0ms)
			DisableScriptedObjects (4ms)
			BackupInstance (0ms)
			ReleaseScriptingObjects (0ms)
			CreateAndSetChildDomain (42ms)
		EndReloadAssembly (803ms)
			LoadAssemblies (244ms)
			RebuildTransferFunctionScriptingTraits (0ms)
			SetupTypeCache (264ms)
			ReleaseScriptCaches (1ms)
			RebuildScriptCaches (38ms)
			SetupLoadedEditorAssemblies (353ms)
				LogAssemblyErrors (0ms)
				InitializePlatformSupportModulesInManaged (20ms)
				SetLoadedEditorAssemblies (0ms)
				RefreshPlugins (1ms)
				BeforeProcessingInitializeOnLoad (83ms)
				ProcessInitializeOnLoadAttributes (198ms)
				ProcessInitializeOnLoadMethodAttributes (28ms)
				AfterProcessingInitializeOnLoad (23ms)
				EditorAssembliesLoaded (0ms)
			ExecutionOrderSort2 (0ms)
			AwakeInstancesAfterBackupRestoration (7ms)
Platform modules already initialized, skipping
Refreshing native plugins compatible for Editor in 1.67 ms, found 3 plugins.
Preloading 0 native plugins for Editor in 0.00 ms.
Unloading 3373 Unused Serialized files (Serialized files now loaded: 0)
Unloading 20 unused Assets / (78.3 KB). Loaded Objects now: 3881.
Memory consumption went from 121.1 MB to 121.1 MB.
Total: 4.478500 ms (FindLiveObjects: 0.450200 ms CreateObjectMapping: 0.107600 ms MarkObjects: 3.796200 ms  DeleteObjects: 0.123000 ms)

AssetImportParameters requested are different than current active one (requested -> active):
  custom:video-decoder-ogg-theora: a1e56fd34408186e4bbccfd4996cb3dc -> 
  custom:container-muxer-webm: aa71ff27fc2769a1b78a27578f13a17b -> 
  custom:container-demuxer-webm: 4f35f7cbe854078d1ac9338744f61a02 -> 
  custom:video-encoder-webm-vp8: eb34c28f22e8b96e1ab97ce403110664 -> 
  custom:audio-encoder-webm-vorbis: bf7c407c2cedff20999df2af8eb42d56 -> 
  custom:framework-win-MediaFoundation: 216162199b28c13a410421893ffa2e32 -> 
  custom:container-demuxer-ogg: 62fdf1f143b41e24485cea50d1cbac27 -> 
  custom:video-decoder-webm-vp8: 9c59270c3fd7afecdb556c50c9e8de78 -> 
  custom:audio-decoder-ogg-vorbis: bf7c407c2cedff20999df2af8eb42d56 -> 
Editor requested this worker to shutdown with reason: Scaling down because of idle timeout
AssetImportWorker is now disconnected from the server
Process exiting
Exiting without the bug reporter. Application will terminate with return code 0