Using pre-set license
Built from '2021.3/staging' branch; Version is '2021.3.7f1 (24e8595d6d43) revision 2418777'; Using compiler version '192829333'; Build Type 'Release'
OS: 'Windows 10  (10.0.19044) 64bit Professional' Language: 'en' Physical Memory: 32680 MB
BatchMode: 1, IsHumanControllingUs: 0, StartBugReporterOnCrash: 0, Is64bit: 1, IsPro: 1

COMMAND LINE ARGUMENTS:
E:\Programs\Unity Hub\Unity_Editor\2021.3.7f1\Editor\Unity.exe
-adb2
-batchMode
-noUpm
-name
AssetImportWorker0
-projectPath
D:/Works/Unity/Boom Ball Maze Classsic
-logFile
Logs/AssetImportWorker0.log
-srvPort
1199
Successfully changed project path to: D:/Works/Unity/Boom Ball Maze Classsic
D:/Works/Unity/Boom Ball Maze Classsic
[UnityMemory] Configuration Parameters - Can be set up in boot.config
    "memorysetup-bucket-allocator-granularity=16"
    "memorysetup-bucket-allocator-bucket-count=8"
    "memorysetup-bucket-allocator-block-size=33554432"
    "memorysetup-bucket-allocator-block-count=8"
    "memorysetup-main-allocator-block-size=16777216"
    "memorysetup-thread-allocator-block-size=16777216"
    "memorysetup-gfx-main-allocator-block-size=16777216"
    "memorysetup-gfx-thread-allocator-block-size=16777216"
    "memorysetup-cache-allocator-block-size=4194304"
    "memorysetup-typetree-allocator-block-size=2097152"
    "memorysetup-profiler-bucket-allocator-granularity=16"
    "memorysetup-profiler-bucket-allocator-bucket-count=8"
    "memorysetup-profiler-bucket-allocator-block-size=33554432"
    "memorysetup-profiler-bucket-allocator-block-count=8"
    "memorysetup-profiler-allocator-block-size=16777216"
    "memorysetup-profiler-editor-allocator-block-size=1048576"
    "memorysetup-temp-allocator-size-main=16777216"
    "memorysetup-job-temp-allocator-block-size=2097152"
    "memorysetup-job-temp-allocator-block-size-background=1048576"
    "memorysetup-job-temp-allocator-reduction-small-platforms=262144"
    "memorysetup-temp-allocator-size-background-worker=32768"
    "memorysetup-temp-allocator-size-job-worker=262144"
    "memorysetup-temp-allocator-size-preload-manager=33554432"
    "memorysetup-temp-allocator-size-nav-mesh-worker=65536"
    "memorysetup-temp-allocator-size-audio-worker=65536"
    "memorysetup-temp-allocator-size-cloud-worker=32768"
    "memorysetup-temp-allocator-size-gi-baking-worker=262144"
    "memorysetup-temp-allocator-size-gfx=262144"
Refreshing native plugins compatible for Editor in 78.29 ms, found 3 plugins.
Preloading 0 native plugins for Editor in 0.00 ms.
Initialize engine version: 2021.3.7f1 (24e8595d6d43)
[Subsystems] Discovering subsystems at path E:/Programs/Unity Hub/Unity_Editor/2021.3.7f1/Editor/Data/Resources/UnitySubsystems
[Subsystems] Discovering subsystems at path D:/Works/Unity/Boom Ball Maze Classsic/Assets
GfxDevice: creating device client; threaded=0; jobified=0
Direct3D:
    Version:  Direct3D 11.0 [level 11.1]
    Renderer: NVIDIA GeForce RTX 2060 SUPER (ID=0x1f06)
    Vendor:   NVIDIA
    VRAM:     8031 MB
    Driver:   31.0.15.1659
Initialize mono
Mono path[0] = 'E:/Programs/Unity Hub/Unity_Editor/2021.3.7f1/Editor/Data/Managed'
Mono path[1] = 'E:/Programs/Unity Hub/Unity_Editor/2021.3.7f1/Editor/Data/MonoBleedingEdge/lib/mono/unityjit-win32'
Mono config path = 'E:/Programs/Unity Hub/Unity_Editor/2021.3.7f1/Editor/Data/MonoBleedingEdge/etc'
Using monoOptions --debugger-agent=transport=dt_socket,embedding=1,server=y,suspend=n,address=127.0.0.1:56472
Begin MonoManager ReloadAssembly
Registering precompiled unity dll's ...
Register platform support module: E:/Programs/Unity Hub/Unity_Editor/2021.3.7f1/Editor/Data/PlaybackEngines/WebGLSupport/UnityEditor.WebGL.Extensions.dll
Register platform support module: E:/Programs/Unity Hub/Unity_Editor/2021.3.7f1/Editor/Data/PlaybackEngines/WindowsStandaloneSupport/UnityEditor.WindowsStandalone.Extensions.dll
Registered in 0.018071 seconds.
Native extension for WindowsStandalone target not found
Native extension for WebGL target not found
Refreshing native plugins compatible for Editor in 77.91 ms, found 3 plugins.
Preloading 0 native plugins for Editor in 0.00 ms.
Mono: successfully reloaded assembly
- Completed reload, in  0.663 seconds
Domain Reload Profiling:
	ReloadAssembly (663ms)
		BeginReloadAssembly (102ms)
			ExecutionOrderSort (0ms)
			DisableScriptedObjects (0ms)
			BackupInstance (0ms)
			ReleaseScriptingObjects (0ms)
			CreateAndSetChildDomain (1ms)
		EndReloadAssembly (420ms)
			LoadAssemblies (98ms)
			RebuildTransferFunctionScriptingTraits (0ms)
			SetupTypeCache (100ms)
			ReleaseScriptCaches (0ms)
			RebuildScriptCaches (25ms)
			SetupLoadedEditorAssemblies (240ms)
				LogAssemblyErrors (0ms)
				InitializePlatformSupportModulesInManaged (11ms)
				SetLoadedEditorAssemblies (0ms)
				RefreshPlugins (78ms)
				BeforeProcessingInitializeOnLoad (1ms)
				ProcessInitializeOnLoadAttributes (110ms)
				ProcessInitializeOnLoadMethodAttributes (40ms)
				AfterProcessingInitializeOnLoad (0ms)
				EditorAssembliesLoaded (0ms)
			ExecutionOrderSort2 (0ms)
			AwakeInstancesAfterBackupRestoration (0ms)
Platform modules already initialized, skipping
Registering precompiled user dll's ...
Registered in 0.004935 seconds.
Begin MonoManager ReloadAssembly
Symbol file LoadedFromMemory doesn't match image D:\Works\Unity\Boom Ball Maze Classsic\Library\PackageCache\com.unity.visualscripting@1.7.8\Editor\VisualScripting.Core\Dependencies\YamlDotNet\Unity.VisualScripting.YamlDotNet.dll
Symbol file LoadedFromMemory doesn't match image D:\Works\Unity\Boom Ball Maze Classsic\Library\PackageCache\com.unity.visualscripting@1.7.8\Editor\VisualScripting.Core\Dependencies\DotNetZip\Unity.VisualScripting.IonicZip.dll
Native extension for WindowsStandalone target not found
Native extension for WebGL target not found
Refreshing native plugins compatible for Editor in 0.61 ms, found 3 plugins.
Preloading 0 native plugins for Editor in 0.00 ms.
Mono: successfully reloaded assembly
- Completed reload, in  1.002 seconds
Domain Reload Profiling:
	ReloadAssembly (1003ms)
		BeginReloadAssembly (129ms)
			ExecutionOrderSort (0ms)
			DisableScriptedObjects (5ms)
			BackupInstance (0ms)
			ReleaseScriptingObjects (0ms)
			CreateAndSetChildDomain (18ms)
		EndReloadAssembly (754ms)
			LoadAssemblies (107ms)
			RebuildTransferFunctionScriptingTraits (0ms)
			SetupTypeCache (242ms)
			ReleaseScriptCaches (1ms)
			RebuildScriptCaches (45ms)
			SetupLoadedEditorAssemblies (342ms)
				LogAssemblyErrors (0ms)
				InitializePlatformSupportModulesInManaged (10ms)
				SetLoadedEditorAssemblies (0ms)
				RefreshPlugins (1ms)
				BeforeProcessingInitializeOnLoad (92ms)
				ProcessInitializeOnLoadAttributes (196ms)
				ProcessInitializeOnLoadMethodAttributes (27ms)
				AfterProcessingInitializeOnLoad (16ms)
				EditorAssembliesLoaded (0ms)
			ExecutionOrderSort2 (0ms)
			AwakeInstancesAfterBackupRestoration (6ms)
Platform modules already initialized, skipping
========================================================================
Worker process is ready to serve import requests
Launched and connected shader compiler UnityShaderCompiler.exe after 0.06 seconds
Refreshing native plugins compatible for Editor in 0.93 ms, found 3 plugins.
Preloading 0 native plugins for Editor in 0.00 ms.
Unloading 3377 Unused Serialized files (Serialized files now loaded: 0)
Unloading 27 unused Assets / (111.0 KB). Loaded Objects now: 3834.
Memory consumption went from 116.2 MB to 116.0 MB.
Total: 2.902300 ms (FindLiveObjects: 0.271000 ms CreateObjectMapping: 0.097700 ms MarkObjects: 2.446700 ms  DeleteObjects: 0.086200 ms)

AssetImportParameters requested are different than current active one (requested -> active):
  custom:video-decoder-ogg-theora: a1e56fd34408186e4bbccfd4996cb3dc -> 
  custom:container-muxer-webm: aa71ff27fc2769a1b78a27578f13a17b -> 
  custom:container-demuxer-webm: 4f35f7cbe854078d1ac9338744f61a02 -> 
  custom:video-encoder-webm-vp8: eb34c28f22e8b96e1ab97ce403110664 -> 
  custom:audio-encoder-webm-vorbis: bf7c407c2cedff20999df2af8eb42d56 -> 
  custom:framework-win-MediaFoundation: 216162199b28c13a410421893ffa2e32 -> 
  custom:container-demuxer-ogg: 62fdf1f143b41e24485cea50d1cbac27 -> 
  custom:video-decoder-webm-vp8: 9c59270c3fd7afecdb556c50c9e8de78 -> 
  custom:audio-decoder-ogg-vorbis: bf7c407c2cedff20999df2af8eb42d56 -> 
========================================================================
Received Import Request.
  Time since last request: 82047.158032 seconds.
  path: Assets
  artifactKey: Guid(00000000000000001000000000000000) Importer(815301076,1909f56bfc062723c751e8b465ee728b)
Start importing Assets using Guid(00000000000000001000000000000000) Importer(815301076,1909f56bfc062723c751e8b465ee728b)  -> (artifact id: '79842766b460edbeab6a34051e857a80') in 0.006830 seconds 
========================================================================
Received Import Request.
  Time since last request: 44.026457 seconds.
  path: Assets/mat_floor.mat
  artifactKey: Guid(5f5872f03c094a94d916f51ebfdf3680) Importer(815301076,1909f56bfc062723c751e8b465ee728b)
Start importing Assets/mat_floor.mat using Guid(5f5872f03c094a94d916f51ebfdf3680) Importer(815301076,1909f56bfc062723c751e8b465ee728b)  -> (artifact id: 'c094e6817c7878cbcbce69c424ff5d92') in 0.204605 seconds 
========================================================================
Received Import Request.
  Time since last request: 1112.246420 seconds.
  path: Assets/mat_floor.mat
  artifactKey: Guid(5f5872f03c094a94d916f51ebfdf3680) Importer(815301076,1909f56bfc062723c751e8b465ee728b)
Start importing Assets/mat_floor.mat using Guid(5f5872f03c094a94d916f51ebfdf3680) Importer(815301076,1909f56bfc062723c751e8b465ee728b)  -> (artifact id: '790427dca7d8c52edf36feb0879fee4c') in 0.010201 seconds 
========================================================================
Received Import Request.
  Time since last request: 190.595603 seconds.
  path: Assets/Stylize Tile Texture/Materials
  artifactKey: Guid(855350d72edd5b546aba24877b32789a) Importer(815301076,1909f56bfc062723c751e8b465ee728b)
Start importing Assets/Stylize Tile Texture/Materials using Guid(855350d72edd5b546aba24877b32789a) Importer(815301076,1909f56bfc062723c751e8b465ee728b)  -> (artifact id: '016e19b09b3027c75407df528b03f1a3') in 0.001782 seconds 
========================================================================
Received Import Request.
  Time since last request: 0.064804 seconds.
  path: Assets/Stylize Tile Texture/Materials/Stylize Tile Diffuse.mat
  artifactKey: Guid(799dfe846a7d5b24aa3788c26a784906) Importer(815301076,1909f56bfc062723c751e8b465ee728b)
Start importing Assets/Stylize Tile Texture/Materials/Stylize Tile Diffuse.mat using Guid(799dfe846a7d5b24aa3788c26a784906) Importer(815301076,1909f56bfc062723c751e8b465ee728b)  -> (artifact id: 'b1eab57e04c0c85e917d2d3273c94797') in 0.108273 seconds 
========================================================================
Received Import Request.
  Time since last request: 4.242804 seconds.
  path: Assets/Real Materials/Real materials vol.0 [for Built-in].unitypackage
  artifactKey: Guid(e9f7648b7ba9c2643ad9cf0e7f2f973e) Importer(815301076,1909f56bfc062723c751e8b465ee728b)
Start importing Assets/Real Materials/Real materials vol.0 [for Built-in].unitypackage using Guid(e9f7648b7ba9c2643ad9cf0e7f2f973e) Importer(815301076,1909f56bfc062723c751e8b465ee728b)  -> (artifact id: '1ee21848cacc95c93b203bceebf3e2cf') in 0.003412 seconds 
========================================================================
Received Import Request.
  Time since last request: 3.191504 seconds.
  path: Assets/Real Materials/Real materials vol.0 [for HDRP].unitypackage
  artifactKey: Guid(78d9d2c14c1ca6b4d8f251f844dede2b) Importer(815301076,1909f56bfc062723c751e8b465ee728b)
Start importing Assets/Real Materials/Real materials vol.0 [for HDRP].unitypackage using Guid(78d9d2c14c1ca6b4d8f251f844dede2b) Importer(815301076,1909f56bfc062723c751e8b465ee728b)  -> (artifact id: '925011a423b1730bee51a81b917ab2de') in 0.001951 seconds 
========================================================================
Received Import Request.
  Time since last request: 1.627372 seconds.
  path: Assets/Real Materials/Real materials vol.0 [for URP].unitypackage
  artifactKey: Guid(bf685d04efb0a8742be842653224c6aa) Importer(815301076,1909f56bfc062723c751e8b465ee728b)
Start importing Assets/Real Materials/Real materials vol.0 [for URP].unitypackage using Guid(bf685d04efb0a8742be842653224c6aa) Importer(815301076,1909f56bfc062723c751e8b465ee728b)  -> (artifact id: '86cd2777c3230c50f5b521ec0457dde7') in 0.001957 seconds 
========================================================================
Received Prepare
Registering precompiled user dll's ...
Registered in 0.012266 seconds.
Begin MonoManager ReloadAssembly
Symbol file LoadedFromMemory doesn't match image D:\Works\Unity\Boom Ball Maze Classsic\Library\PackageCache\com.unity.visualscripting@1.7.8\Editor\VisualScripting.Core\Dependencies\YamlDotNet\Unity.VisualScripting.YamlDotNet.dll
Symbol file LoadedFromMemory doesn't match image D:\Works\Unity\Boom Ball Maze Classsic\Library\PackageCache\com.unity.visualscripting@1.7.8\Editor\VisualScripting.Core\Dependencies\DotNetZip\Unity.VisualScripting.IonicZip.dll
Native extension for WindowsStandalone target not found
Native extension for WebGL target not found
Refreshing native plugins compatible for Editor in 0.72 ms, found 3 plugins.
Preloading 0 native plugins for Editor in 0.00 ms.
Mono: successfully reloaded assembly
- Completed reload, in  1.019 seconds
Domain Reload Profiling:
	ReloadAssembly (1019ms)
		BeginReloadAssembly (162ms)
			ExecutionOrderSort (0ms)
			DisableScriptedObjects (4ms)
			BackupInstance (0ms)
			ReleaseScriptingObjects (0ms)
			CreateAndSetChildDomain (35ms)
		EndReloadAssembly (752ms)
			LoadAssemblies (112ms)
			RebuildTransferFunctionScriptingTraits (0ms)
			SetupTypeCache (239ms)
			ReleaseScriptCaches (1ms)
			RebuildScriptCaches (40ms)
			SetupLoadedEditorAssemblies (342ms)
				LogAssemblyErrors (0ms)
				InitializePlatformSupportModulesInManaged (23ms)
				SetLoadedEditorAssemblies (1ms)
				RefreshPlugins (1ms)
				BeforeProcessingInitializeOnLoad (84ms)
				ProcessInitializeOnLoadAttributes (186ms)
				ProcessInitializeOnLoadMethodAttributes (24ms)
				AfterProcessingInitializeOnLoad (22ms)
				EditorAssembliesLoaded (0ms)
			ExecutionOrderSort2 (0ms)
			AwakeInstancesAfterBackupRestoration (10ms)
Platform modules already initialized, skipping
Refreshing native plugins compatible for Editor in 1.63 ms, found 3 plugins.
Preloading 0 native plugins for Editor in 0.00 ms.
Unloading 3373 Unused Serialized files (Serialized files now loaded: 0)
Unloading 20 unused Assets / (78.1 KB). Loaded Objects now: 3880.
Memory consumption went from 121.6 MB to 121.5 MB.
Total: 4.069800 ms (FindLiveObjects: 0.344300 ms CreateObjectMapping: 0.210200 ms MarkObjects: 3.434400 ms  DeleteObjects: 0.079900 ms)

AssetImportParameters requested are different than current active one (requested -> active):
  custom:video-decoder-ogg-theora: a1e56fd34408186e4bbccfd4996cb3dc -> 
  custom:container-muxer-webm: aa71ff27fc2769a1b78a27578f13a17b -> 
  custom:container-demuxer-webm: 4f35f7cbe854078d1ac9338744f61a02 -> 
  custom:video-encoder-webm-vp8: eb34c28f22e8b96e1ab97ce403110664 -> 
  custom:audio-encoder-webm-vorbis: bf7c407c2cedff20999df2af8eb42d56 -> 
  custom:framework-win-MediaFoundation: 216162199b28c13a410421893ffa2e32 -> 
  custom:container-demuxer-ogg: 62fdf1f143b41e24485cea50d1cbac27 -> 
  custom:video-decoder-webm-vp8: 9c59270c3fd7afecdb556c50c9e8de78 -> 
  custom:audio-decoder-ogg-vorbis: bf7c407c2cedff20999df2af8eb42d56 -> 
========================================================================
Received Import Request.
  Time since last request: 95.238935 seconds.
  path: Assets/Real Materials/[free] Marble rough white.mat
  artifactKey: Guid(983243ead81870c46a81ba94f21940c6) Importer(815301076,1909f56bfc062723c751e8b465ee728b)
Start importing Assets/Real Materials/[free] Marble rough white.mat using Guid(983243ead81870c46a81ba94f21940c6) Importer(815301076,1909f56bfc062723c751e8b465ee728b)  -> (artifact id: '2ee647ca21f34819cad684578bc6395b') in 0.393791 seconds 
========================================================================
Received Import Request.
  Time since last request: 0.000027 seconds.
  path: Assets/Real Materials/!UV density checker.mat
  artifactKey: Guid(68d557bf74149a740ad3fe47ee589040) Importer(815301076,1909f56bfc062723c751e8b465ee728b)
Start importing Assets/Real Materials/!UV density checker.mat using Guid(68d557bf74149a740ad3fe47ee589040) Importer(815301076,1909f56bfc062723c751e8b465ee728b)  -> (artifact id: 'bea67c12075bf8140700e2226e3698ce') in 0.015274 seconds 
========================================================================
Received Import Request.
  Time since last request: 0.000031 seconds.
  path: Assets/Real Materials/[free] Glass generic slightly dusty.mat
  artifactKey: Guid(46e5f6bfd5d20b64887a9086e9c2e7b6) Importer(815301076,1909f56bfc062723c751e8b465ee728b)
Start importing Assets/Real Materials/[free] Glass generic slightly dusty.mat using Guid(46e5f6bfd5d20b64887a9086e9c2e7b6) Importer(815301076,1909f56bfc062723c751e8b465ee728b)  -> (artifact id: '61419ed753980bf5b2f02d791581a8d4') in 0.232207 seconds 
========================================================================
Received Import Request.
  Time since last request: 0.000025 seconds.
  path: Assets/Real Materials/[free] Brass common.mat
  artifactKey: Guid(a9c71d15324d4d045a4ca5063a837a87) Importer(815301076,1909f56bfc062723c751e8b465ee728b)
Start importing Assets/Real Materials/[free] Brass common.mat using Guid(a9c71d15324d4d045a4ca5063a837a87) Importer(815301076,1909f56bfc062723c751e8b465ee728b)  -> (artifact id: 'a9c4f0898a15dfed10a1821eff7522bc') in 0.323940 seconds 
========================================================================
Received Import Request.
  Time since last request: 0.000031 seconds.
  path: Assets/Real Materials/[free] Copper very old.mat
  artifactKey: Guid(a05ee0b9de0a79e4b83597d99bf5dd5b) Importer(815301076,1909f56bfc062723c751e8b465ee728b)
Start importing Assets/Real Materials/[free] Copper very old.mat using Guid(a05ee0b9de0a79e4b83597d99bf5dd5b) Importer(815301076,1909f56bfc062723c751e8b465ee728b)  -> (artifact id: 'eaec155558d8b85c76acba407c9cabca') in 0.034270 seconds 
========================================================================
Received Import Request.
  Time since last request: 0.000020 seconds.
  path: Assets/Real Materials/[free] Granite polished.mat
  artifactKey: Guid(a91e5aa018939f746a91917ed7027708) Importer(815301076,1909f56bfc062723c751e8b465ee728b)
Start importing Assets/Real Materials/[free] Granite polished.mat using Guid(a91e5aa018939f746a91917ed7027708) Importer(815301076,1909f56bfc062723c751e8b465ee728b)  -> (artifact id: '8a02a003db03d622d4b3cd9d75b8dbf4') in 0.037173 seconds 
========================================================================
Received Import Request.
  Time since last request: 0.000023 seconds.
  path: Assets/Real Materials/[free] Copper common.mat
  artifactKey: Guid(e368481ffd59f014283c07d09775161d) Importer(815301076,1909f56bfc062723c751e8b465ee728b)
Start importing Assets/Real Materials/[free] Copper common.mat using Guid(e368481ffd59f014283c07d09775161d) Importer(815301076,1909f56bfc062723c751e8b465ee728b)  -> (artifact id: 'dc52515fe95fc95e181aaab72272cbfd') in 0.099519 seconds 
Editor requested this worker to shutdown with reason: Scaling down because of idle timeout
AssetImportWorker is now disconnected from the server
Process exiting
Exiting without the bug reporter. Application will terminate with return code 0