Using pre-set license
Built from '2021.3/staging' branch; Version is '2021.3.7f1 (24e8595d6d43) revision 2418777'; Using compiler version '192829333'; Build Type 'Release'
OS: 'Windows 10  (10.0.19044) 64bit Professional' Language: 'en' Physical Memory: 32680 MB
BatchMode: 1, IsHumanControllingUs: 0, StartBugReporterOnCrash: 0, Is64bit: 1, IsPro: 1

COMMAND LINE ARGUMENTS:
E:\Programs\Unity Hub\Unity_Editor\2021.3.7f1\Editor\Unity.exe
-adb2
-batchMode
-noUpm
-name
AssetImportWorker6
-projectPath
D:/Works/Unity/Boom Ball Maze Classsic
-logFile
Logs/AssetImportWorker6.log
-srvPort
1199
Successfully changed project path to: D:/Works/Unity/Boom Ball Maze Classsic
D:/Works/Unity/Boom Ball Maze Classsic
[UnityMemory] Configuration Parameters - Can be set up in boot.config
    "memorysetup-bucket-allocator-granularity=16"
    "memorysetup-bucket-allocator-bucket-count=8"
    "memorysetup-bucket-allocator-block-size=33554432"
    "memorysetup-bucket-allocator-block-count=8"
    "memorysetup-main-allocator-block-size=16777216"
    "memorysetup-thread-allocator-block-size=16777216"
    "memorysetup-gfx-main-allocator-block-size=16777216"
    "memorysetup-gfx-thread-allocator-block-size=16777216"
    "memorysetup-cache-allocator-block-size=4194304"
    "memorysetup-typetree-allocator-block-size=2097152"
    "memorysetup-profiler-bucket-allocator-granularity=16"
    "memorysetup-profiler-bucket-allocator-bucket-count=8"
    "memorysetup-profiler-bucket-allocator-block-size=33554432"
    "memorysetup-profiler-bucket-allocator-block-count=8"
    "memorysetup-profiler-allocator-block-size=16777216"
    "memorysetup-profiler-editor-allocator-block-size=1048576"
    "memorysetup-temp-allocator-size-main=16777216"
    "memorysetup-job-temp-allocator-block-size=2097152"
    "memorysetup-job-temp-allocator-block-size-background=1048576"
    "memorysetup-job-temp-allocator-reduction-small-platforms=262144"
    "memorysetup-temp-allocator-size-background-worker=32768"
    "memorysetup-temp-allocator-size-job-worker=262144"
    "memorysetup-temp-allocator-size-preload-manager=33554432"
    "memorysetup-temp-allocator-size-nav-mesh-worker=65536"
    "memorysetup-temp-allocator-size-audio-worker=65536"
    "memorysetup-temp-allocator-size-cloud-worker=32768"
    "memorysetup-temp-allocator-size-gi-baking-worker=262144"
    "memorysetup-temp-allocator-size-gfx=262144"
Refreshing native plugins compatible for Editor in 81.58 ms, found 3 plugins.
Preloading 0 native plugins for Editor in 0.00 ms.
Initialize engine version: 2021.3.7f1 (24e8595d6d43)
[Subsystems] Discovering subsystems at path E:/Programs/Unity Hub/Unity_Editor/2021.3.7f1/Editor/Data/Resources/UnitySubsystems
[Subsystems] Discovering subsystems at path D:/Works/Unity/Boom Ball Maze Classsic/Assets
GfxDevice: creating device client; threaded=0; jobified=0
Direct3D:
    Version:  Direct3D 11.0 [level 11.1]
    Renderer: NVIDIA GeForce RTX 2060 SUPER (ID=0x1f06)
    Vendor:   NVIDIA
    VRAM:     8031 MB
    Driver:   31.0.15.1659
Initialize mono
Mono path[0] = 'E:/Programs/Unity Hub/Unity_Editor/2021.3.7f1/Editor/Data/Managed'
Mono path[1] = 'E:/Programs/Unity Hub/Unity_Editor/2021.3.7f1/Editor/Data/MonoBleedingEdge/lib/mono/unityjit-win32'
Mono config path = 'E:/Programs/Unity Hub/Unity_Editor/2021.3.7f1/Editor/Data/MonoBleedingEdge/etc'
Using monoOptions --debugger-agent=transport=dt_socket,embedding=1,server=y,suspend=n,address=127.0.0.1:56492
Begin MonoManager ReloadAssembly
Registering precompiled unity dll's ...
Register platform support module: E:/Programs/Unity Hub/Unity_Editor/2021.3.7f1/Editor/Data/PlaybackEngines/WebGLSupport/UnityEditor.WebGL.Extensions.dll
Register platform support module: E:/Programs/Unity Hub/Unity_Editor/2021.3.7f1/Editor/Data/PlaybackEngines/WindowsStandaloneSupport/UnityEditor.WindowsStandalone.Extensions.dll
Registered in 0.017004 seconds.
Native extension for WindowsStandalone target not found
Native extension for WebGL target not found
Refreshing native plugins compatible for Editor in 83.25 ms, found 3 plugins.
Preloading 0 native plugins for Editor in 0.00 ms.
Mono: successfully reloaded assembly
- Completed reload, in  0.658 seconds
Domain Reload Profiling:
	ReloadAssembly (659ms)
		BeginReloadAssembly (96ms)
			ExecutionOrderSort (0ms)
			DisableScriptedObjects (0ms)
			BackupInstance (0ms)
			ReleaseScriptingObjects (0ms)
			CreateAndSetChildDomain (1ms)
		EndReloadAssembly (432ms)
			LoadAssemblies (92ms)
			RebuildTransferFunctionScriptingTraits (0ms)
			SetupTypeCache (101ms)
			ReleaseScriptCaches (0ms)
			RebuildScriptCaches (26ms)
			SetupLoadedEditorAssemblies (251ms)
				LogAssemblyErrors (0ms)
				InitializePlatformSupportModulesInManaged (12ms)
				SetLoadedEditorAssemblies (0ms)
				RefreshPlugins (83ms)
				BeforeProcessingInitializeOnLoad (1ms)
				ProcessInitializeOnLoadAttributes (113ms)
				ProcessInitializeOnLoadMethodAttributes (41ms)
				AfterProcessingInitializeOnLoad (0ms)
				EditorAssembliesLoaded (0ms)
			ExecutionOrderSort2 (0ms)
			AwakeInstancesAfterBackupRestoration (0ms)
Platform modules already initialized, skipping
Registering precompiled user dll's ...
Registered in 0.005425 seconds.
Begin MonoManager ReloadAssembly
Symbol file LoadedFromMemory doesn't match image D:\Works\Unity\Boom Ball Maze Classsic\Library\PackageCache\com.unity.visualscripting@1.7.8\Editor\VisualScripting.Core\Dependencies\YamlDotNet\Unity.VisualScripting.YamlDotNet.dll
Symbol file LoadedFromMemory doesn't match image D:\Works\Unity\Boom Ball Maze Classsic\Library\PackageCache\com.unity.visualscripting@1.7.8\Editor\VisualScripting.Core\Dependencies\DotNetZip\Unity.VisualScripting.IonicZip.dll
Native extension for WindowsStandalone target not found
Native extension for WebGL target not found
Refreshing native plugins compatible for Editor in 0.63 ms, found 3 plugins.
Preloading 0 native plugins for Editor in 0.00 ms.
Mono: successfully reloaded assembly
- Completed reload, in  1.012 seconds
Domain Reload Profiling:
	ReloadAssembly (1013ms)
		BeginReloadAssembly (129ms)
			ExecutionOrderSort (0ms)
			DisableScriptedObjects (5ms)
			BackupInstance (0ms)
			ReleaseScriptingObjects (0ms)
			CreateAndSetChildDomain (20ms)
		EndReloadAssembly (759ms)
			LoadAssemblies (99ms)
			RebuildTransferFunctionScriptingTraits (0ms)
			SetupTypeCache (252ms)
			ReleaseScriptCaches (1ms)
			RebuildScriptCaches (47ms)
			SetupLoadedEditorAssemblies (343ms)
				LogAssemblyErrors (0ms)
				InitializePlatformSupportModulesInManaged (10ms)
				SetLoadedEditorAssemblies (0ms)
				RefreshPlugins (1ms)
				BeforeProcessingInitializeOnLoad (89ms)
				ProcessInitializeOnLoadAttributes (201ms)
				ProcessInitializeOnLoadMethodAttributes (25ms)
				AfterProcessingInitializeOnLoad (16ms)
				EditorAssembliesLoaded (0ms)
			ExecutionOrderSort2 (0ms)
			AwakeInstancesAfterBackupRestoration (8ms)
Platform modules already initialized, skipping
========================================================================
Worker process is ready to serve import requests
Launched and connected shader compiler UnityShaderCompiler.exe after 0.05 seconds
Refreshing native plugins compatible for Editor in 0.57 ms, found 3 plugins.
Preloading 0 native plugins for Editor in 0.00 ms.
Unloading 3378 Unused Serialized files (Serialized files now loaded: 0)
Unloading 27 unused Assets / (111.0 KB). Loaded Objects now: 3836.
Memory consumption went from 116.6 MB to 116.5 MB.
Total: 2.998700 ms (FindLiveObjects: 0.290200 ms CreateObjectMapping: 0.093700 ms MarkObjects: 2.506400 ms  DeleteObjects: 0.107200 ms)

AssetImportParameters requested are different than current active one (requested -> active):
  custom:video-decoder-ogg-theora: a1e56fd34408186e4bbccfd4996cb3dc -> 
  custom:container-muxer-webm: aa71ff27fc2769a1b78a27578f13a17b -> 
  custom:container-demuxer-webm: 4f35f7cbe854078d1ac9338744f61a02 -> 
  custom:video-encoder-webm-vp8: eb34c28f22e8b96e1ab97ce403110664 -> 
  custom:audio-encoder-webm-vorbis: bf7c407c2cedff20999df2af8eb42d56 -> 
  custom:framework-win-MediaFoundation: 216162199b28c13a410421893ffa2e32 -> 
  custom:container-demuxer-ogg: 62fdf1f143b41e24485cea50d1cbac27 -> 
  custom:video-decoder-webm-vp8: 9c59270c3fd7afecdb556c50c9e8de78 -> 
  custom:audio-decoder-ogg-vorbis: bf7c407c2cedff20999df2af8eb42d56 -> 
========================================================================
Received Import Request.
  Time since last request: 83866.631609 seconds.
  path: Assets/Real Materials/Textures/brass color variations diffuse.png
  artifactKey: Guid(c3be97091d90cbe46a18c739295cc6f4) Importer(815301076,1909f56bfc062723c751e8b465ee728b)
Start importing Assets/Real Materials/Textures/brass color variations diffuse.png using Guid(c3be97091d90cbe46a18c739295cc6f4) Importer(815301076,1909f56bfc062723c751e8b465ee728b)  -> (artifact id: '139ce46a88226dcc02ce7f3f7c03fb72') in 0.086012 seconds 
========================================================================
Received Import Request.
  Time since last request: 0.000029 seconds.
  path: Assets/Real Materials/Textures/granite rough metalness.png
  artifactKey: Guid(d0881c8fe971ed743b96d8bb2bbf8eeb) Importer(815301076,1909f56bfc062723c751e8b465ee728b)
Start importing Assets/Real Materials/Textures/granite rough metalness.png using Guid(d0881c8fe971ed743b96d8bb2bbf8eeb) Importer(815301076,1909f56bfc062723c751e8b465ee728b)  -> (artifact id: '890206a109243a4df2a99b00e31d3b0e') in 0.097099 seconds 
========================================================================
Received Import Request.
  Time since last request: 0.000034 seconds.
  path: Assets/Real Materials/Textures/granite rough normal.png
  artifactKey: Guid(f0128ec228c284b41b5fa4d010cddb76) Importer(815301076,1909f56bfc062723c751e8b465ee728b)
Start importing Assets/Real Materials/Textures/granite rough normal.png using Guid(f0128ec228c284b41b5fa4d010cddb76) Importer(815301076,1909f56bfc062723c751e8b465ee728b)  -> (artifact id: 'fc3be8f0f3c971bd63b0503eaa4e09d3') in 0.033888 seconds 
========================================================================
Received Import Request.
  Time since last request: 0.000039 seconds.
  path: Assets/Real Materials/Textures/plaster common metalness.png
  artifactKey: Guid(7bbe223dceee78a488b6b4c262004707) Importer(815301076,1909f56bfc062723c751e8b465ee728b)
Start importing Assets/Real Materials/Textures/plaster common metalness.png using Guid(7bbe223dceee78a488b6b4c262004707) Importer(815301076,1909f56bfc062723c751e8b465ee728b)  -> (artifact id: '14dbfa41dd2ae1b4a38e5364ac940def') in 0.021952 seconds 
========================================================================
Received Import Request.
  Time since last request: 0.000022 seconds.
  path: Assets/Real Materials/Textures/copper with patina diffuse.png
  artifactKey: Guid(516fa6f8baaf9d3419a538217c1ad9de) Importer(815301076,1909f56bfc062723c751e8b465ee728b)
Start importing Assets/Real Materials/Textures/copper with patina diffuse.png using Guid(516fa6f8baaf9d3419a538217c1ad9de) Importer(815301076,1909f56bfc062723c751e8b465ee728b)  -> (artifact id: 'b0a0c1255294f009230ea16b920a6571') in 0.015936 seconds 
========================================================================
Received Import Request.
  Time since last request: 0.000020 seconds.
  path: Assets/Real Materials/Textures/granite rough diffuse.png
  artifactKey: Guid(3acf3fee13bc417448f6617dd9c2cf87) Importer(815301076,1909f56bfc062723c751e8b465ee728b)
Start importing Assets/Real Materials/Textures/granite rough diffuse.png using Guid(3acf3fee13bc417448f6617dd9c2cf87) Importer(815301076,1909f56bfc062723c751e8b465ee728b)  -> (artifact id: '42e683ff8ea37faa7f004c32a55506ac') in 0.012526 seconds 
========================================================================
Received Import Request.
  Time since last request: 0.000025 seconds.
  path: Assets/Real Materials/Textures/common white cloud noise diffuse.png
  artifactKey: Guid(dd8e27fcc6261354c957b7d02b4f8837) Importer(815301076,1909f56bfc062723c751e8b465ee728b)
Start importing Assets/Real Materials/Textures/common white cloud noise diffuse.png using Guid(dd8e27fcc6261354c957b7d02b4f8837) Importer(815301076,1909f56bfc062723c751e8b465ee728b)  -> (artifact id: '3f0643e438981b8ee5686aa0a99e03a0') in 0.019372 seconds 
========================================================================
Received Import Request.
  Time since last request: 0.000019 seconds.
  path: Assets/Real Materials/Textures/glass generic slightly dusty diffuse.png
  artifactKey: Guid(22bdb407cc8c870498ceb4d6fa6569d9) Importer(815301076,1909f56bfc062723c751e8b465ee728b)
Start importing Assets/Real Materials/Textures/glass generic slightly dusty diffuse.png using Guid(22bdb407cc8c870498ceb4d6fa6569d9) Importer(815301076,1909f56bfc062723c751e8b465ee728b)  -> (artifact id: '6dc8245013a74990dc4d1f3655a50bed') in 0.022976 seconds 
========================================================================
Received Import Request.
  Time since last request: 0.000019 seconds.
  path: Assets/Real Materials/Textures/common non-metal smooth metalness.png
  artifactKey: Guid(87276395bef04714e938148a5f9217c1) Importer(815301076,1909f56bfc062723c751e8b465ee728b)
Start importing Assets/Real Materials/Textures/common non-metal smooth metalness.png using Guid(87276395bef04714e938148a5f9217c1) Importer(815301076,1909f56bfc062723c751e8b465ee728b)  -> (artifact id: '0e2bab23e5c7d176ca57323a1d6be484') in 0.043836 seconds 
========================================================================
Received Import Request.
  Time since last request: 0.000018 seconds.
  path: Assets/Real Materials/Textures/common overheat diffuse.png
  artifactKey: Guid(9b209f7df5e249146bdd0300fea44ff9) Importer(815301076,1909f56bfc062723c751e8b465ee728b)
Start importing Assets/Real Materials/Textures/common overheat diffuse.png using Guid(9b209f7df5e249146bdd0300fea44ff9) Importer(815301076,1909f56bfc062723c751e8b465ee728b)  -> (artifact id: 'ce7c627ad09023d9f5bda5f95f8a2cca') in 0.018203 seconds 
========================================================================
Received Import Request.
  Time since last request: 0.000019 seconds.
  path: Assets/Real Materials/Textures/common rusted diffuse.png
  artifactKey: Guid(da3403a7fa8091a4282b60110f145994) Importer(815301076,1909f56bfc062723c751e8b465ee728b)
Start importing Assets/Real Materials/Textures/common rusted diffuse.png using Guid(da3403a7fa8091a4282b60110f145994) Importer(815301076,1909f56bfc062723c751e8b465ee728b)  -> (artifact id: '7f5c2de5dd02a18ed1842a0416a0be92') in 0.045242 seconds 
========================================================================
Received Import Request.
  Time since last request: 0.000037 seconds.
  path: Assets/Real Materials/Textures/common grunge diffuse.png
  artifactKey: Guid(09dc9a5884db7fe44a4082557837eb3a) Importer(815301076,1909f56bfc062723c751e8b465ee728b)
Start importing Assets/Real Materials/Textures/common grunge diffuse.png using Guid(09dc9a5884db7fe44a4082557837eb3a) Importer(815301076,1909f56bfc062723c751e8b465ee728b)  -> (artifact id: '35cc453939bf91e26d9bf4556a2af2a8') in 0.012807 seconds 
========================================================================
Received Import Request.
  Time since last request: 0.000036 seconds.
  path: Assets/Real Materials/Textures/brass common diffuse.png
  artifactKey: Guid(4389a51a059459943a305bfd18f6f410) Importer(815301076,1909f56bfc062723c751e8b465ee728b)
Start importing Assets/Real Materials/Textures/brass common diffuse.png using Guid(4389a51a059459943a305bfd18f6f410) Importer(815301076,1909f56bfc062723c751e8b465ee728b)  -> (artifact id: 'b9d3477aef1d8b199cb68df447d41230') in 0.016506 seconds 
========================================================================
Received Import Request.
  Time since last request: 0.000032 seconds.
  path: Assets/Real Materials/Textures/brass spotty metalness.png
  artifactKey: Guid(e61476e94c3c57749a32051357f8d8e1) Importer(815301076,1909f56bfc062723c751e8b465ee728b)
Start importing Assets/Real Materials/Textures/brass spotty metalness.png using Guid(e61476e94c3c57749a32051357f8d8e1) Importer(815301076,1909f56bfc062723c751e8b465ee728b)  -> (artifact id: '0ff3d866fe4e433a45fd6817c83ce8b5') in 0.038175 seconds 
========================================================================
Received Import Request.
  Time since last request: 0.000064 seconds.
  path: Assets/Real Materials/Textures/common sand noise normal.png
  artifactKey: Guid(9c16ea62a92f4a4408e88f1e586844fc) Importer(815301076,1909f56bfc062723c751e8b465ee728b)
Start importing Assets/Real Materials/Textures/common sand noise normal.png using Guid(9c16ea62a92f4a4408e88f1e586844fc) Importer(815301076,1909f56bfc062723c751e8b465ee728b)  -> (artifact id: '54e39f979c09bb9eb78de5778094e13c') in 0.011346 seconds 
========================================================================
Received Import Request.
  Time since last request: 0.000017 seconds.
  path: Assets/Real Materials/Textures/brass spotty diffuse.png
  artifactKey: Guid(111673f5c624c10458377c04274764d0) Importer(815301076,1909f56bfc062723c751e8b465ee728b)
Start importing Assets/Real Materials/Textures/brass spotty diffuse.png using Guid(111673f5c624c10458377c04274764d0) Importer(815301076,1909f56bfc062723c751e8b465ee728b)  -> (artifact id: 'bb418c9a75dc69d569944732bba25f62') in 0.021066 seconds 
========================================================================
Received Import Request.
  Time since last request: 0.000027 seconds.
  path: Assets/Real Materials/Textures/floor marble scattered metalness.png
  artifactKey: Guid(4e4c0ce23c318a64c886ec68653a6e34) Importer(815301076,1909f56bfc062723c751e8b465ee728b)
Start importing Assets/Real Materials/Textures/floor marble scattered metalness.png using Guid(4e4c0ce23c318a64c886ec68653a6e34) Importer(815301076,1909f56bfc062723c751e8b465ee728b)  -> (artifact id: '062cfb7edd1531d0c8334d0de7633b8e') in 0.019667 seconds 
========================================================================
Received Import Request.
  Time since last request: 0.000032 seconds.
  path: Assets/Real Materials/Textures/plaster common diffuse.png
  artifactKey: Guid(43c140b1bf47bdc4395025be3e1fbf5f) Importer(815301076,1909f56bfc062723c751e8b465ee728b)
Start importing Assets/Real Materials/Textures/plaster common diffuse.png using Guid(43c140b1bf47bdc4395025be3e1fbf5f) Importer(815301076,1909f56bfc062723c751e8b465ee728b)  -> (artifact id: 'aa4e9b8b5af268bc00a4fe45e05a95e7') in 0.011391 seconds 
========================================================================
Received Import Request.
  Time since last request: 0.000016 seconds.
  path: Assets/Real Materials/Textures/common 10 percent mask.png
  artifactKey: Guid(7593ce365ad260648bc87953c85e7cfb) Importer(815301076,1909f56bfc062723c751e8b465ee728b)
Start importing Assets/Real Materials/Textures/common 10 percent mask.png using Guid(7593ce365ad260648bc87953c85e7cfb) Importer(815301076,1909f56bfc062723c751e8b465ee728b)  -> (artifact id: '639dd8075e88b10121ed72e02c9110ee') in 0.009905 seconds 
========================================================================
Received Import Request.
  Time since last request: 0.000017 seconds.
  path: Assets/Real Materials/Textures/common 15 percent c_mask.png
  artifactKey: Guid(229a2899aece94b4498eefb6c3fced00) Importer(815301076,1909f56bfc062723c751e8b465ee728b)
Start importing Assets/Real Materials/Textures/common 15 percent c_mask.png using Guid(229a2899aece94b4498eefb6c3fced00) Importer(815301076,1909f56bfc062723c751e8b465ee728b)  -> (artifact id: '8f542e95c1210922946a29e2f7cc48dc') in 0.012288 seconds 
========================================================================
Received Prepare
Registering precompiled user dll's ...
Registered in 0.005168 seconds.
Begin MonoManager ReloadAssembly
Symbol file LoadedFromMemory doesn't match image D:\Works\Unity\Boom Ball Maze Classsic\Library\PackageCache\com.unity.visualscripting@1.7.8\Editor\VisualScripting.Core\Dependencies\YamlDotNet\Unity.VisualScripting.YamlDotNet.dll
Symbol file LoadedFromMemory doesn't match image D:\Works\Unity\Boom Ball Maze Classsic\Library\PackageCache\com.unity.visualscripting@1.7.8\Editor\VisualScripting.Core\Dependencies\DotNetZip\Unity.VisualScripting.IonicZip.dll
Native extension for WindowsStandalone target not found
Native extension for WebGL target not found
Refreshing native plugins compatible for Editor in 0.70 ms, found 3 plugins.
Preloading 0 native plugins for Editor in 0.00 ms.
Mono: successfully reloaded assembly
- Completed reload, in  1.218 seconds
Domain Reload Profiling:
	ReloadAssembly (1219ms)
		BeginReloadAssembly (289ms)
			ExecutionOrderSort (0ms)
			DisableScriptedObjects (5ms)
			BackupInstance (0ms)
			ReleaseScriptingObjects (0ms)
			CreateAndSetChildDomain (41ms)
		EndReloadAssembly (796ms)
			LoadAssemblies (238ms)
			RebuildTransferFunctionScriptingTraits (0ms)
			SetupTypeCache (279ms)
			ReleaseScriptCaches (2ms)
			RebuildScriptCaches (37ms)
			SetupLoadedEditorAssemblies (343ms)
				LogAssemblyErrors (0ms)
				InitializePlatformSupportModulesInManaged (18ms)
				SetLoadedEditorAssemblies (0ms)
				RefreshPlugins (1ms)
				BeforeProcessingInitializeOnLoad (77ms)
				ProcessInitializeOnLoadAttributes (201ms)
				ProcessInitializeOnLoadMethodAttributes (27ms)
				AfterProcessingInitializeOnLoad (18ms)
				EditorAssembliesLoaded (0ms)
			ExecutionOrderSort2 (0ms)
			AwakeInstancesAfterBackupRestoration (7ms)
Platform modules already initialized, skipping
Refreshing native plugins compatible for Editor in 1.79 ms, found 3 plugins.
Preloading 0 native plugins for Editor in 0.00 ms.
Unloading 3373 Unused Serialized files (Serialized files now loaded: 0)
Unloading 20 unused Assets / (78.3 KB). Loaded Objects now: 3844.
Memory consumption went from 120.9 MB to 120.8 MB.
Total: 4.072200 ms (FindLiveObjects: 0.328000 ms CreateObjectMapping: 0.104900 ms MarkObjects: 3.547300 ms  DeleteObjects: 0.091000 ms)

AssetImportParameters requested are different than current active one (requested -> active):
  custom:video-decoder-ogg-theora: a1e56fd34408186e4bbccfd4996cb3dc -> 
  custom:container-muxer-webm: aa71ff27fc2769a1b78a27578f13a17b -> 
  custom:container-demuxer-webm: 4f35f7cbe854078d1ac9338744f61a02 -> 
  custom:video-encoder-webm-vp8: eb34c28f22e8b96e1ab97ce403110664 -> 
  custom:audio-encoder-webm-vorbis: bf7c407c2cedff20999df2af8eb42d56 -> 
  custom:framework-win-MediaFoundation: 216162199b28c13a410421893ffa2e32 -> 
  custom:container-demuxer-ogg: 62fdf1f143b41e24485cea50d1cbac27 -> 
  custom:video-decoder-webm-vp8: 9c59270c3fd7afecdb556c50c9e8de78 -> 
  custom:audio-decoder-ogg-vorbis: bf7c407c2cedff20999df2af8eb42d56 -> 
Editor requested this worker to shutdown with reason: Scaling down because of idle timeout
AssetImportWorker is now disconnected from the server
Process exiting
Exiting without the bug reporter. Application will terminate with return code 0